{
  "RSpec": {
    "coverage": {
      "/Users/admin/Documents/PracticeProject/ad_hbh_test/spec/controllers/api/v1/transactions_controller_spec.rb": {
        "lines": [
          1,
          null,
          1,
          6,
          4,
          null,
          1,
          1,
          1,
          1,
          null,
          1,
          1,
          null,
          null,
          null,
          1,
          1,
          1,
          null,
          1,
          1,
          null,
          null,
          null,
          1,
          1,
          1,
          1,
          null,
          1,
          null,
          1,
          1,
          null,
          null,
          null,
          null,
          1,
          1,
          1,
          1,
          1,
          null,
          1,
          null,
          1,
          1,
          1,
          null,
          null,
          null,
          1,
          1,
          1,
          null,
          1,
          1,
          null,
          null,
          null,
          null
        ]
      },
      "/Users/admin/Documents/PracticeProject/ad_hbh_test/spec/rails_helper.rb": {
        "lines": [
          null,
          1,
          1,
          1,
          null,
          1,
          1,
          null,
          null,
          null,
          null,
          null,
          null,
          null,
          null,
          null,
          null,
          null,
          null,
          null,
          null,
          null,
          null,
          null,
          null,
          null,
          null,
          1,
          null,
          0,
          null,
          1,
          null,
          1,
          null,
          null,
          null,
          null,
          null,
          null,
          1,
          null,
          null,
          null,
          null,
          null,
          null,
          null,
          null,
          null,
          null,
          null,
          null,
          null,
          null,
          null,
          null,
          null,
          1,
          null,
          null,
          1,
          1,
          1,
          1,
          1,
          1,
          null,
          null,
          null,
          null,
          null
        ]
      },
      "/Users/admin/Documents/PracticeProject/ad_hbh_test/config/environment.rb": {
        "lines": [
          null,
          1,
          null,
          null,
          1
        ]
      },
      "/Users/admin/Documents/PracticeProject/ad_hbh_test/config/application.rb": {
        "lines": [
          1,
          null,
          1,
          null,
          null,
          null,
          1,
          null,
          1,
          1,
          null,
          1,
          null,
          null,
          null,
          null,
          1,
          null,
          null,
          null,
          null,
          null,
          null,
          null,
          null,
          null,
          null,
          null,
          null,
          1,
          null,
          null
        ]
      },
      "/Users/admin/Documents/PracticeProject/ad_hbh_test/config/boot.rb": {
        "lines": [
          1,
          null,
          1,
          1
        ]
      },
      "/Users/admin/Documents/PracticeProject/ad_hbh_test/config/environments/test.rb": {
        "lines": [
          1,
          null,
          null,
          null,
          null,
          null,
          null,
          1,
          null,
          null,
          null,
          1,
          null,
          null,
          null,
          null,
          null,
          1,
          null,
          null,
          1,
          1,
          null,
          null,
          null,
          null,
          1,
          1,
          1,
          null,
          null,
          1,
          null,
          null,
          1,
          null,
          null,
          1,
          null,
          1,
          null,
          null,
          null,
          null,
          1,
          null,
          null,
          1,
          null,
          null,
          1,
          null,
          null,
          1,
          null,
          null,
          null,
          null,
          null,
          null,
          null,
          null,
          1,
          null
        ]
      },
      "/Users/admin/Documents/PracticeProject/ad_hbh_test/config/initializers/cors.rb": {
        "lines": [
          null,
          null,
          null,
          null,
          null,
          null,
          null,
          null,
          null,
          null,
          null,
          null,
          null,
          null,
          null,
          null
        ]
      },
      "/Users/admin/Documents/PracticeProject/ad_hbh_test/config/initializers/filter_parameter_logging.rb": {
        "lines": [
          null,
          null,
          null,
          null,
          null,
          1,
          null,
          null
        ]
      },
      "/Users/admin/Documents/PracticeProject/ad_hbh_test/config/initializers/inflections.rb": {
        "lines": [
          null,
          null,
          null,
          null,
          null,
          null,
          null,
          null,
          null,
          null,
          null,
          null,
          null,
          null,
          null,
          null
        ]
      },
      "/Users/admin/Documents/PracticeProject/ad_hbh_test/spec/factories/library_items.rb": {
        "lines": [
          1,
          1,
          31,
          31,
          30,
          19,
          31,
          null,
          null
        ]
      },
      "/Users/admin/Documents/PracticeProject/ad_hbh_test/spec/factories/subscriptions.rb": {
        "lines": [
          1,
          1,
          11,
          11,
          11,
          null,
          null
        ]
      },
      "/Users/admin/Documents/PracticeProject/ad_hbh_test/spec/factories/transactions.rb": {
        "lines": [
          1,
          1,
          1,
          1,
          18,
          null,
          null
        ]
      },
      "/Users/admin/Documents/PracticeProject/ad_hbh_test/spec/factories/users.rb": {
        "lines": [
          1,
          1,
          1,
          18,
          18,
          16,
          null,
          null
        ]
      },
      "/Users/admin/Documents/PracticeProject/ad_hbh_test/config/routes.rb": {
        "lines": [
          1,
          1,
          1,
          1,
          1,
          1,
          1,
          null,
          null,
          null,
          null,
          null
        ]
      },
      "/Users/admin/Documents/PracticeProject/ad_hbh_test/app/controllers/api/v1/transactions_controller.rb": {
        "lines": [
          1,
          1,
          1,
          1,
          null,
          1,
          3,
          3,
          null,
          2,
          null,
          2,
          1,
          null,
          1,
          null,
          null,
          null,
          1,
          2,
          2,
          2,
          2,
          null,
          1,
          null,
          null,
          null,
          null,
          1,
          1,
          null,
          null,
          2,
          1,
          null,
          1,
          null,
          null,
          null,
          1,
          null,
          1,
          5,
          null,
          5,
          null,
          null,
          1,
          5,
          null,
          null,
          null,
          null,
          null,
          null,
          null,
          1,
          2,
          null,
          null,
          null,
          null
        ]
      },
      "/Users/admin/Documents/PracticeProject/ad_hbh_test/app/controllers/application_controller.rb": {
        "lines": [
          1,
          null
        ]
      },
      "/Users/admin/Documents/PracticeProject/ad_hbh_test/spec/models/library_item_spec.rb": {
        "lines": [
          1,
          null,
          1,
          1,
          2,
          null,
          null
        ]
      },
      "/Users/admin/Documents/PracticeProject/ad_hbh_test/app/models/library_item.rb": {
        "lines": [
          1,
          1,
          null
        ]
      },
      "/Users/admin/Documents/PracticeProject/ad_hbh_test/app/models/application_record.rb": {
        "lines": [
          1,
          1,
          null
        ]
      },
      "/Users/admin/Documents/PracticeProject/ad_hbh_test/spec/models/subscription_spec.rb": {
        "lines": [
          1,
          null,
          1,
          1,
          2,
          null,
          null
        ]
      },
      "/Users/admin/Documents/PracticeProject/ad_hbh_test/app/models/subscription.rb": {
        "lines": [
          1,
          1,
          null
        ]
      },
      "/Users/admin/Documents/PracticeProject/ad_hbh_test/spec/models/transaction_spec.rb": {
        "lines": [
          1,
          null,
          1,
          1,
          1,
          1,
          null,
          null,
          1,
          1,
          null,
          null,
          null,
          1,
          1,
          1,
          1,
          null,
          null,
          null,
          null,
          null,
          1,
          null,
          null,
          1,
          1,
          null,
          null,
          null,
          null,
          null,
          1,
          null,
          null,
          1,
          1,
          null,
          null,
          null,
          null,
          null,
          1,
          null,
          null,
          null,
          null,
          1,
          1,
          1,
          1,
          1,
          null,
          null,
          null,
          null,
          null,
          1,
          null,
          null,
          null,
          1,
          1,
          1,
          null,
          null,
          null,
          null,
          null,
          1,
          null,
          null,
          null,
          1,
          1,
          null,
          null,
          null,
          null,
          null,
          1,
          null,
          null,
          1,
          1,
          null,
          1,
          10,
          null,
          null,
          null,
          null,
          null,
          10,
          null,
          null,
          1,
          null,
          null,
          null,
          null,
          null,
          1,
          null,
          null,
          null,
          null,
          1,
          1,
          1,
          1,
          null,
          null,
          null,
          null,
          null,
          null,
          1,
          null,
          1,
          1,
          null,
          null,
          null,
          null
        ]
      },
      "/Users/admin/Documents/PracticeProject/ad_hbh_test/app/models/transaction.rb": {
        "lines": [
          1,
          1,
          1,
          null,
          1,
          null,
          null,
          null,
          1,
          null,
          1,
          null,
          1,
          29,
          1,
          28,
          1,
          null,
          null,
          null,
          1,
          29,
          2,
          null,
          null,
          null,
          1,
          29,
          null,
          null,
          null,
          29,
          1,
          null,
          null,
          null,
          1,
          36,
          null,
          null
        ]
      },
      "/Users/admin/Documents/PracticeProject/ad_hbh_test/spec/models/user_spec.rb": {
        "lines": [
          1,
          null,
          1,
          1,
          2,
          2,
          2,
          null,
          null,
          1,
          3,
          3,
          2,
          3,
          3,
          null,
          1,
          2,
          2,
          null,
          null,
          1,
          1,
          null,
          null,
          1,
          1,
          null,
          null,
          null,
          1,
          3,
          3,
          3,
          null,
          1,
          2,
          2,
          null,
          null,
          1,
          1,
          null,
          null,
          1,
          1,
          null,
          null,
          null
        ]
      },
      "/Users/admin/Documents/PracticeProject/ad_hbh_test/app/models/user.rb": {
        "lines": [
          1,
          1,
          1,
          1,
          null,
          1,
          31,
          null,
          null,
          1,
          30,
          null,
          null
        ]
      }
    },
    "timestamp": 1714850095
  }
}
